<?xml version="1.0" encoding="UTF-8"?>
<!-- Generated by org.testng.reporters.JUnitXMLReporter -->
<testsuite ignored="0" hostname="TABLET-C108GPTC" failures="1" tests="5" name="Regression Test" time="19.658" errors="0" timestamp="2024-06-01T20:58:34 EDT">
  <testcase classname="com.google.QA.Test.HomePageLinkTest" name="gmail_link_test" time="1.288"/>
  <testcase classname="com.google.QA.Test.HomePageLinkTest" name="images_link_test" time="0.562">
    <failure type="java.lang.AssertionError" message="expected [Google Image] but found [Google Images]">
      <![CDATA[java.lang.AssertionError: expected [Google Image] but found [Google Images]
at com.google.QA.Test.HomePageLinkTest.images_link_test(HomePageLinkTest.java:40)
at java.base/java.util.ArrayList.forEach(ArrayList.java:1511)
... Removed 33 stack frames]]>
    </failure>
  </testcase> <!-- images_link_test -->
  <testcase classname="com.google.QA.Test.SearchFunctionalityTest" name="positive_Search_Functionality_Test_With_Clicking_Search_Button" time="1.39"/>
  <testcase classname="com.google.QA.Test.SearchFunctionalityTest" name="positive_Search_Functionality_Test_With_Clicking_Search_Button" time="1.277"/>
  <testcase classname="com.google.QA.Test.SearchFunctionalityTest" name="positive_Search_Functionality_Test_With_Clicking_Search_Button" time="1.193"/>
</testsuite> <!-- Regression Test -->
